2023-03-14 23:37:52.640 [main] INFO  calculator.Calculator - [SQ ROOT] - 16.0
2023-03-14 23:37:52.642 [main] INFO  calculator.Calculator - [RESULT - SQ ROOT] - 4.0
2023-03-14 23:37:52.642 [main] INFO  calculator.Calculator - [SQ ROOT] - 1.0
2023-03-14 23:37:52.642 [main] INFO  calculator.Calculator - [RESULT - SQ ROOT] - 1.0
2023-03-14 23:37:52.642 [main] INFO  calculator.Calculator - [SQ ROOT] - 81.0
2023-03-14 23:37:52.643 [main] INFO  calculator.Calculator - [RESULT - SQ ROOT] - 9.0
2023-03-14 23:37:52.643 [main] INFO  calculator.Calculator - [SQ ROOT] - 36.0
2023-03-14 23:37:52.643 [main] INFO  calculator.Calculator - [RESULT - SQ ROOT] - 6.0
2023-03-14 23:37:52.643 [main] INFO  calculator.Calculator - [SQ ROOT] - 3.0
2023-03-14 23:37:52.643 [main] INFO  calculator.Calculator - [RESULT - SQ ROOT] - 1.7320508075688772
2023-03-14 23:37:52.643 [main] INFO  calculator.Calculator - [SQ ROOT] - 4.0
2023-03-14 23:37:52.644 [main] INFO  calculator.Calculator - [RESULT - SQ ROOT] - 2.0
2023-03-14 23:37:52.644 [main] INFO  calculator.Calculator - [SQ ROOT] - 81.0
2023-03-14 23:37:52.644 [main] INFO  calculator.Calculator - [RESULT - SQ ROOT] - 9.0
2023-03-14 23:37:52.644 [main] INFO  calculator.Calculator - [SQ ROOT] - 36.0
2023-03-14 23:37:52.644 [main] INFO  calculator.Calculator - [RESULT - SQ ROOT] - 6.0
2023-03-14 23:37:52.644 [main] INFO  calculator.Calculator - [NATURAL LOG] - 1.0
2023-03-14 23:37:52.645 [main] INFO  calculator.Calculator - [RESULT - NATURAL LOG] - 0.0
2023-03-14 23:37:52.645 [main] INFO  calculator.Calculator - [POWER - 2.0 RAISED TO] 3.0
2023-03-14 23:37:52.646 [main] INFO  calculator.Calculator - [RESULT - POWER] - 8.0
2023-03-14 23:37:52.646 [main] INFO  calculator.Calculator - [POWER - 3.0 RAISED TO] 3.0
2023-03-14 23:37:52.646 [main] INFO  calculator.Calculator - [RESULT - POWER] - 27.0
2023-03-14 23:37:52.646 [main] INFO  calculator.Calculator - [POWER - 4.0 RAISED TO] 3.0
2023-03-14 23:37:52.646 [main] INFO  calculator.Calculator - [RESULT - POWER] - 64.0
2023-03-14 23:37:52.646 [main] INFO  calculator.Calculator - [POWER - 5.0 RAISED TO] 3.0
2023-03-14 23:37:52.646 [main] INFO  calculator.Calculator - [RESULT - POWER] - 125.0
2023-03-14 23:37:52.647 [main] INFO  calculator.Calculator - [POWER - 2.0 RAISED TO] 3.0
2023-03-14 23:37:52.647 [main] INFO  calculator.Calculator - [RESULT - POWER] - 8.0
2023-03-14 23:37:52.647 [main] INFO  calculator.Calculator - [POWER - 1.0 RAISED TO] 3.0
2023-03-14 23:37:52.647 [main] INFO  calculator.Calculator - [RESULT - POWER] - 1.0
2023-03-14 23:37:52.647 [main] INFO  calculator.Calculator - [POWER - 3.0 RAISED TO] 4.0
2023-03-14 23:37:52.647 [main] INFO  calculator.Calculator - [RESULT - POWER] - 81.0
2023-03-14 23:37:52.647 [main] INFO  calculator.Calculator - [POWER - 4.0 RAISED TO] 3.0
2023-03-14 23:37:52.648 [main] INFO  calculator.Calculator - [RESULT - POWER] - 64.0
2023-03-14 23:37:52.648 [main] INFO  calculator.Calculator - [POWER - 5.0 RAISED TO] 2.0
2023-03-14 23:37:52.648 [main] INFO  calculator.Calculator - [RESULT - POWER] - 25.0
2023-03-14 23:37:52.648 [main] INFO  calculator.Calculator - [NATURAL LOG] - 2.4
2023-03-14 23:37:52.648 [main] INFO  calculator.Calculator - [RESULT - NATURAL LOG] - 0.8754687373538999
2023-03-14 23:37:52.648 [main] INFO  calculator.Calculator - [NATURAL LOG] - 2.1
2023-03-14 23:37:52.649 [main] INFO  calculator.Calculator - [RESULT - NATURAL LOG] - 0.7419373447293773
2023-03-14 23:38:17.657 [main] INFO  calculator.Calculator - [SQ ROOT] - 16.0
2023-03-14 23:38:17.658 [main] INFO  calculator.Calculator - [RESULT - SQ ROOT] - 4.0
2023-03-14 23:38:17.658 [main] INFO  calculator.Calculator - [SQ ROOT] - 1.0
2023-03-14 23:38:17.659 [main] INFO  calculator.Calculator - [RESULT - SQ ROOT] - 1.0
2023-03-14 23:38:17.659 [main] INFO  calculator.Calculator - [SQ ROOT] - 81.0
2023-03-14 23:38:17.659 [main] INFO  calculator.Calculator - [RESULT - SQ ROOT] - 9.0
2023-03-14 23:38:17.659 [main] INFO  calculator.Calculator - [SQ ROOT] - 36.0
2023-03-14 23:38:17.659 [main] INFO  calculator.Calculator - [RESULT - SQ ROOT] - 6.0
2023-03-14 23:38:17.659 [main] INFO  calculator.Calculator - [SQ ROOT] - 3.0
2023-03-14 23:38:17.660 [main] INFO  calculator.Calculator - [RESULT - SQ ROOT] - 1.7320508075688772
2023-03-14 23:38:17.660 [main] INFO  calculator.Calculator - [SQ ROOT] - 4.0
2023-03-14 23:38:17.660 [main] INFO  calculator.Calculator - [RESULT - SQ ROOT] - 2.0
2023-03-14 23:38:17.660 [main] INFO  calculator.Calculator - [SQ ROOT] - 81.0
2023-03-14 23:38:17.660 [main] INFO  calculator.Calculator - [RESULT - SQ ROOT] - 9.0
2023-03-14 23:38:17.660 [main] INFO  calculator.Calculator - [SQ ROOT] - 36.0
2023-03-14 23:38:17.660 [main] INFO  calculator.Calculator - [RESULT - SQ ROOT] - 6.0
2023-03-14 23:38:17.661 [main] INFO  calculator.Calculator - [NATURAL LOG] - 1.0
2023-03-14 23:38:17.661 [main] INFO  calculator.Calculator - [RESULT - NATURAL LOG] - 0.0
2023-03-14 23:38:17.661 [main] INFO  calculator.Calculator - [POWER - 2.0 RAISED TO] 3.0
2023-03-14 23:38:17.662 [main] INFO  calculator.Calculator - [RESULT - POWER] - 8.0
2023-03-14 23:38:17.662 [main] INFO  calculator.Calculator - [POWER - 3.0 RAISED TO] 3.0
2023-03-14 23:38:17.662 [main] INFO  calculator.Calculator - [RESULT - POWER] - 27.0
2023-03-14 23:38:17.662 [main] INFO  calculator.Calculator - [POWER - 4.0 RAISED TO] 3.0
2023-03-14 23:38:17.662 [main] INFO  calculator.Calculator - [RESULT - POWER] - 64.0
2023-03-14 23:38:17.662 [main] INFO  calculator.Calculator - [POWER - 5.0 RAISED TO] 3.0
2023-03-14 23:38:17.662 [main] INFO  calculator.Calculator - [RESULT - POWER] - 125.0
2023-03-14 23:38:17.663 [main] INFO  calculator.Calculator - [POWER - 2.0 RAISED TO] 3.0
2023-03-14 23:38:17.663 [main] INFO  calculator.Calculator - [RESULT - POWER] - 8.0
2023-03-14 23:38:17.663 [main] INFO  calculator.Calculator - [POWER - 1.0 RAISED TO] 3.0
2023-03-14 23:38:17.663 [main] INFO  calculator.Calculator - [RESULT - POWER] - 1.0
2023-03-14 23:38:17.663 [main] INFO  calculator.Calculator - [POWER - 3.0 RAISED TO] 4.0
2023-03-14 23:38:17.663 [main] INFO  calculator.Calculator - [RESULT - POWER] - 81.0
2023-03-14 23:38:17.664 [main] INFO  calculator.Calculator - [POWER - 4.0 RAISED TO] 3.0
2023-03-14 23:38:17.664 [main] INFO  calculator.Calculator - [RESULT - POWER] - 64.0
2023-03-14 23:38:17.664 [main] INFO  calculator.Calculator - [POWER - 5.0 RAISED TO] 2.0
2023-03-14 23:38:17.664 [main] INFO  calculator.Calculator - [RESULT - POWER] - 25.0
2023-03-14 23:38:17.664 [main] INFO  calculator.Calculator - [NATURAL LOG] - 2.4
2023-03-14 23:38:17.664 [main] INFO  calculator.Calculator - [RESULT - NATURAL LOG] - 0.8754687373538999
2023-03-14 23:38:17.665 [main] INFO  calculator.Calculator - [NATURAL LOG] - 2.1
2023-03-14 23:38:17.665 [main] INFO  calculator.Calculator - [RESULT - NATURAL LOG] - 0.7419373447293773
2023-03-14 23:39:05.874 [main] INFO  calculator.Calculator - [SQ ROOT] - 16.0
2023-03-14 23:39:05.876 [main] INFO  calculator.Calculator - [RESULT - SQ ROOT] - 4.0
2023-03-14 23:39:05.876 [main] INFO  calculator.Calculator - [SQ ROOT] - 1.0
2023-03-14 23:39:05.876 [main] INFO  calculator.Calculator - [RESULT - SQ ROOT] - 1.0
2023-03-14 23:39:05.877 [main] INFO  calculator.Calculator - [SQ ROOT] - 81.0
2023-03-14 23:39:05.877 [main] INFO  calculator.Calculator - [RESULT - SQ ROOT] - 9.0
2023-03-14 23:39:05.877 [main] INFO  calculator.Calculator - [SQ ROOT] - 36.0
2023-03-14 23:39:05.877 [main] INFO  calculator.Calculator - [RESULT - SQ ROOT] - 6.0
2023-03-14 23:39:05.877 [main] INFO  calculator.Calculator - [SQ ROOT] - 3.0
2023-03-14 23:39:05.878 [main] INFO  calculator.Calculator - [RESULT - SQ ROOT] - 1.7320508075688772
2023-03-14 23:39:05.878 [main] INFO  calculator.Calculator - [SQ ROOT] - 4.0
2023-03-14 23:39:05.878 [main] INFO  calculator.Calculator - [RESULT - SQ ROOT] - 2.0
2023-03-14 23:39:05.878 [main] INFO  calculator.Calculator - [SQ ROOT] - 81.0
2023-03-14 23:39:05.878 [main] INFO  calculator.Calculator - [RESULT - SQ ROOT] - 9.0
2023-03-14 23:39:05.878 [main] INFO  calculator.Calculator - [SQ ROOT] - 36.0
2023-03-14 23:39:05.878 [main] INFO  calculator.Calculator - [RESULT - SQ ROOT] - 6.0
2023-03-14 23:39:05.879 [main] INFO  calculator.Calculator - [NATURAL LOG] - 1.0
2023-03-14 23:39:05.879 [main] INFO  calculator.Calculator - [RESULT - NATURAL LOG] - 0.0
2023-03-14 23:39:05.880 [main] INFO  calculator.Calculator - [POWER - 2.0 RAISED TO] 3.0
2023-03-14 23:39:05.880 [main] INFO  calculator.Calculator - [RESULT - POWER] - 8.0
2023-03-14 23:39:05.880 [main] INFO  calculator.Calculator - [POWER - 3.0 RAISED TO] 3.0
2023-03-14 23:39:05.880 [main] INFO  calculator.Calculator - [RESULT - POWER] - 27.0
2023-03-14 23:39:05.881 [main] INFO  calculator.Calculator - [POWER - 4.0 RAISED TO] 3.0
2023-03-14 23:39:05.881 [main] INFO  calculator.Calculator - [RESULT - POWER] - 64.0
2023-03-14 23:39:05.881 [main] INFO  calculator.Calculator - [POWER - 5.0 RAISED TO] 3.0
2023-03-14 23:39:05.881 [main] INFO  calculator.Calculator - [RESULT - POWER] - 125.0
2023-03-14 23:39:05.881 [main] INFO  calculator.Calculator - [POWER - 2.0 RAISED TO] 3.0
2023-03-14 23:39:05.881 [main] INFO  calculator.Calculator - [RESULT - POWER] - 8.0
2023-03-14 23:39:05.882 [main] INFO  calculator.Calculator - [POWER - 1.0 RAISED TO] 3.0
2023-03-14 23:39:05.882 [main] INFO  calculator.Calculator - [RESULT - POWER] - 1.0
2023-03-14 23:39:05.882 [main] INFO  calculator.Calculator - [POWER - 3.0 RAISED TO] 4.0
2023-03-14 23:39:05.882 [main] INFO  calculator.Calculator - [RESULT - POWER] - 81.0
2023-03-14 23:39:05.882 [main] INFO  calculator.Calculator - [POWER - 4.0 RAISED TO] 3.0
2023-03-14 23:39:05.882 [main] INFO  calculator.Calculator - [RESULT - POWER] - 64.0
2023-03-14 23:39:05.882 [main] INFO  calculator.Calculator - [POWER - 5.0 RAISED TO] 2.0
2023-03-14 23:39:05.882 [main] INFO  calculator.Calculator - [RESULT - POWER] - 25.0
2023-03-14 23:39:05.883 [main] INFO  calculator.Calculator - [NATURAL LOG] - 2.4
2023-03-14 23:39:05.883 [main] INFO  calculator.Calculator - [RESULT - NATURAL LOG] - 0.8754687373538999
2023-03-14 23:39:05.883 [main] INFO  calculator.Calculator - [NATURAL LOG] - 2.1
2023-03-14 23:39:05.883 [main] INFO  calculator.Calculator - [RESULT - NATURAL LOG] - 0.7419373447293773
2023-03-14 23:39:49.713 [main] INFO  calculator.Calculator - [FACTORIAL] - 3.0
2023-03-14 23:39:49.715 [main] INFO  calculator.Calculator - [RESULT - FACTORIAL] - 6.0
2023-03-14 23:40:10.429 [main] INFO  calculator.Calculator - [SQ ROOT] - 16.0
2023-03-14 23:40:10.431 [main] INFO  calculator.Calculator - [RESULT - SQ ROOT] - 4.0
2023-03-14 23:40:10.431 [main] INFO  calculator.Calculator - [SQ ROOT] - 1.0
2023-03-14 23:40:10.431 [main] INFO  calculator.Calculator - [RESULT - SQ ROOT] - 1.0
2023-03-14 23:40:10.431 [main] INFO  calculator.Calculator - [SQ ROOT] - 81.0
2023-03-14 23:40:10.432 [main] INFO  calculator.Calculator - [RESULT - SQ ROOT] - 9.0
2023-03-14 23:40:10.432 [main] INFO  calculator.Calculator - [SQ ROOT] - 36.0
2023-03-14 23:40:10.432 [main] INFO  calculator.Calculator - [RESULT - SQ ROOT] - 6.0
2023-03-14 23:40:10.432 [main] INFO  calculator.Calculator - [SQ ROOT] - 3.0
2023-03-14 23:40:10.432 [main] INFO  calculator.Calculator - [RESULT - SQ ROOT] - 1.7320508075688772
2023-03-14 23:40:10.433 [main] INFO  calculator.Calculator - [SQ ROOT] - 4.0
2023-03-14 23:40:10.433 [main] INFO  calculator.Calculator - [RESULT - SQ ROOT] - 2.0
2023-03-14 23:40:10.433 [main] INFO  calculator.Calculator - [SQ ROOT] - 81.0
2023-03-14 23:40:10.433 [main] INFO  calculator.Calculator - [RESULT - SQ ROOT] - 9.0
2023-03-14 23:40:10.433 [main] INFO  calculator.Calculator - [SQ ROOT] - 36.0
2023-03-14 23:40:10.433 [main] INFO  calculator.Calculator - [RESULT - SQ ROOT] - 6.0
2023-03-14 23:40:10.434 [main] INFO  calculator.Calculator - [NATURAL LOG] - 1.0
2023-03-14 23:40:10.434 [main] INFO  calculator.Calculator - [RESULT - NATURAL LOG] - 0.0
2023-03-14 23:40:10.435 [main] INFO  calculator.Calculator - [POWER - 2.0 RAISED TO] 3.0
2023-03-14 23:40:10.435 [main] INFO  calculator.Calculator - [RESULT - POWER] - 8.0
2023-03-14 23:40:10.435 [main] INFO  calculator.Calculator - [POWER - 3.0 RAISED TO] 3.0
2023-03-14 23:40:10.435 [main] INFO  calculator.Calculator - [RESULT - POWER] - 27.0
2023-03-14 23:40:10.436 [main] INFO  calculator.Calculator - [POWER - 4.0 RAISED TO] 3.0
2023-03-14 23:40:10.436 [main] INFO  calculator.Calculator - [RESULT - POWER] - 64.0
2023-03-14 23:40:10.436 [main] INFO  calculator.Calculator - [POWER - 5.0 RAISED TO] 3.0
2023-03-14 23:40:10.436 [main] INFO  calculator.Calculator - [RESULT - POWER] - 125.0
2023-03-14 23:40:10.436 [main] INFO  calculator.Calculator - [POWER - 2.0 RAISED TO] 3.0
2023-03-14 23:40:10.436 [main] INFO  calculator.Calculator - [RESULT - POWER] - 8.0
2023-03-14 23:40:10.437 [main] INFO  calculator.Calculator - [POWER - 1.0 RAISED TO] 3.0
2023-03-14 23:40:10.437 [main] INFO  calculator.Calculator - [RESULT - POWER] - 1.0
2023-03-14 23:40:10.437 [main] INFO  calculator.Calculator - [POWER - 3.0 RAISED TO] 4.0
2023-03-14 23:40:10.437 [main] INFO  calculator.Calculator - [RESULT - POWER] - 81.0
2023-03-14 23:40:10.437 [main] INFO  calculator.Calculator - [POWER - 4.0 RAISED TO] 3.0
2023-03-14 23:40:10.437 [main] INFO  calculator.Calculator - [RESULT - POWER] - 64.0
2023-03-14 23:40:10.437 [main] INFO  calculator.Calculator - [POWER - 5.0 RAISED TO] 2.0
2023-03-14 23:40:10.437 [main] INFO  calculator.Calculator - [RESULT - POWER] - 25.0
2023-03-14 23:40:10.438 [main] INFO  calculator.Calculator - [NATURAL LOG] - 2.4
2023-03-14 23:40:10.438 [main] INFO  calculator.Calculator - [RESULT - NATURAL LOG] - 0.8754687373538999
2023-03-14 23:40:10.438 [main] INFO  calculator.Calculator - [NATURAL LOG] - 2.1
2023-03-14 23:40:10.438 [main] INFO  calculator.Calculator - [RESULT - NATURAL LOG] - 0.7419373447293773
2023-03-15 00:44:42.800 [main] INFO  calculator.Calculator - [SQ ROOT] - 16.0
2023-03-15 00:44:42.803 [main] INFO  calculator.Calculator - [RESULT - SQ ROOT] - 4.0
2023-03-15 00:44:42.803 [main] INFO  calculator.Calculator - [SQ ROOT] - 1.0
2023-03-15 00:44:42.803 [main] INFO  calculator.Calculator - [RESULT - SQ ROOT] - 1.0
2023-03-15 00:44:42.803 [main] INFO  calculator.Calculator - [SQ ROOT] - 81.0
2023-03-15 00:44:42.803 [main] INFO  calculator.Calculator - [RESULT - SQ ROOT] - 9.0
2023-03-15 00:44:42.803 [main] INFO  calculator.Calculator - [SQ ROOT] - 36.0
2023-03-15 00:44:42.803 [main] INFO  calculator.Calculator - [RESULT - SQ ROOT] - 6.0
2023-03-15 00:44:42.804 [main] INFO  calculator.Calculator - [SQ ROOT] - 3.0
2023-03-15 00:44:42.804 [main] INFO  calculator.Calculator - [RESULT - SQ ROOT] - 1.7320508075688772
2023-03-15 00:44:42.804 [main] INFO  calculator.Calculator - [SQ ROOT] - 4.0
2023-03-15 00:44:42.804 [main] INFO  calculator.Calculator - [RESULT - SQ ROOT] - 2.0
2023-03-15 00:44:42.805 [main] INFO  calculator.Calculator - [SQ ROOT] - 81.0
2023-03-15 00:44:42.805 [main] INFO  calculator.Calculator - [RESULT - SQ ROOT] - 9.0
2023-03-15 00:44:42.805 [main] INFO  calculator.Calculator - [SQ ROOT] - 36.0
2023-03-15 00:44:42.805 [main] INFO  calculator.Calculator - [RESULT - SQ ROOT] - 6.0
2023-03-15 00:44:42.806 [main] INFO  calculator.Calculator - [NATURAL LOG] - 1.0
2023-03-15 00:44:42.806 [main] INFO  calculator.Calculator - [RESULT - NATURAL LOG] - 0.0
2023-03-15 00:44:42.807 [main] INFO  calculator.Calculator - [POWER - 2.0 RAISED TO] 3.0
2023-03-15 00:44:42.807 [main] INFO  calculator.Calculator - [RESULT - POWER] - 8.0
2023-03-15 00:44:42.807 [main] INFO  calculator.Calculator - [POWER - 3.0 RAISED TO] 3.0
2023-03-15 00:44:42.807 [main] INFO  calculator.Calculator - [RESULT - POWER] - 27.0
2023-03-15 00:44:42.808 [main] INFO  calculator.Calculator - [POWER - 4.0 RAISED TO] 3.0
2023-03-15 00:44:42.808 [main] INFO  calculator.Calculator - [RESULT - POWER] - 64.0
2023-03-15 00:44:42.808 [main] INFO  calculator.Calculator - [POWER - 5.0 RAISED TO] 3.0
2023-03-15 00:44:42.808 [main] INFO  calculator.Calculator - [RESULT - POWER] - 125.0
2023-03-15 00:44:42.809 [main] INFO  calculator.Calculator - [POWER - 2.0 RAISED TO] 3.0
2023-03-15 00:44:42.809 [main] INFO  calculator.Calculator - [RESULT - POWER] - 8.0
2023-03-15 00:44:42.809 [main] INFO  calculator.Calculator - [POWER - 1.0 RAISED TO] 3.0
2023-03-15 00:44:42.809 [main] INFO  calculator.Calculator - [RESULT - POWER] - 1.0
2023-03-15 00:44:42.809 [main] INFO  calculator.Calculator - [POWER - 3.0 RAISED TO] 4.0
2023-03-15 00:44:42.809 [main] INFO  calculator.Calculator - [RESULT - POWER] - 81.0
2023-03-15 00:44:42.810 [main] INFO  calculator.Calculator - [POWER - 4.0 RAISED TO] 3.0
2023-03-15 00:44:42.810 [main] INFO  calculator.Calculator - [RESULT - POWER] - 64.0
2023-03-15 00:44:42.810 [main] INFO  calculator.Calculator - [POWER - 5.0 RAISED TO] 2.0
2023-03-15 00:44:42.810 [main] INFO  calculator.Calculator - [RESULT - POWER] - 25.0
2023-03-15 00:44:42.811 [main] INFO  calculator.Calculator - [NATURAL LOG] - 2.4
2023-03-15 00:44:42.811 [main] INFO  calculator.Calculator - [RESULT - NATURAL LOG] - 0.8754687373538999
2023-03-15 00:44:42.811 [main] INFO  calculator.Calculator - [NATURAL LOG] - 2.1
2023-03-15 00:44:42.811 [main] INFO  calculator.Calculator - [RESULT - NATURAL LOG] - 0.7419373447293773
2023-03-15 16:11:51.143 [main] INFO  calculator.Calculator - [SQ ROOT] - 16.0
2023-03-15 16:11:51.145 [main] INFO  calculator.Calculator - [RESULT - SQ ROOT] - 4.0
2023-03-15 16:11:51.145 [main] INFO  calculator.Calculator - [SQ ROOT] - 1.0
2023-03-15 16:11:51.146 [main] INFO  calculator.Calculator - [RESULT - SQ ROOT] - 1.0
2023-03-15 16:11:51.146 [main] INFO  calculator.Calculator - [SQ ROOT] - 81.0
2023-03-15 16:11:51.146 [main] INFO  calculator.Calculator - [RESULT - SQ ROOT] - 9.0
2023-03-15 16:11:51.146 [main] INFO  calculator.Calculator - [SQ ROOT] - 36.0
2023-03-15 16:11:51.146 [main] INFO  calculator.Calculator - [RESULT - SQ ROOT] - 6.0
2023-03-15 16:11:51.147 [main] INFO  calculator.Calculator - [SQ ROOT] - 3.0
2023-03-15 16:11:51.147 [main] INFO  calculator.Calculator - [RESULT - SQ ROOT] - 1.7320508075688772
2023-03-15 16:11:51.147 [main] INFO  calculator.Calculator - [SQ ROOT] - 4.0
2023-03-15 16:11:51.147 [main] INFO  calculator.Calculator - [RESULT - SQ ROOT] - 2.0
2023-03-15 16:11:51.147 [main] INFO  calculator.Calculator - [SQ ROOT] - 81.0
2023-03-15 16:11:51.147 [main] INFO  calculator.Calculator - [RESULT - SQ ROOT] - 9.0
2023-03-15 16:11:51.147 [main] INFO  calculator.Calculator - [SQ ROOT] - 36.0
2023-03-15 16:11:51.148 [main] INFO  calculator.Calculator - [RESULT - SQ ROOT] - 6.0
2023-03-15 16:11:51.148 [main] INFO  calculator.Calculator - [NATURAL LOG] - 1.0
2023-03-15 16:11:51.148 [main] INFO  calculator.Calculator - [RESULT - NATURAL LOG] - 0.0
2023-03-15 16:11:51.149 [main] INFO  calculator.Calculator - [POWER - 2.0 RAISED TO] 3.0
2023-03-15 16:11:51.150 [main] INFO  calculator.Calculator - [RESULT - POWER] - 8.0
2023-03-15 16:11:51.150 [main] INFO  calculator.Calculator - [POWER - 3.0 RAISED TO] 3.0
2023-03-15 16:11:51.150 [main] INFO  calculator.Calculator - [RESULT - POWER] - 27.0
2023-03-15 16:11:51.150 [main] INFO  calculator.Calculator - [POWER - 4.0 RAISED TO] 3.0
2023-03-15 16:11:51.150 [main] INFO  calculator.Calculator - [RESULT - POWER] - 64.0
2023-03-15 16:11:51.151 [main] INFO  calculator.Calculator - [POWER - 5.0 RAISED TO] 3.0
2023-03-15 16:11:51.151 [main] INFO  calculator.Calculator - [RESULT - POWER] - 125.0
2023-03-15 16:11:51.151 [main] INFO  calculator.Calculator - [POWER - 2.0 RAISED TO] 3.0
2023-03-15 16:11:51.151 [main] INFO  calculator.Calculator - [RESULT - POWER] - 8.0
2023-03-15 16:11:51.151 [main] INFO  calculator.Calculator - [POWER - 1.0 RAISED TO] 3.0
2023-03-15 16:11:51.152 [main] INFO  calculator.Calculator - [RESULT - POWER] - 1.0
2023-03-15 16:11:51.152 [main] INFO  calculator.Calculator - [POWER - 3.0 RAISED TO] 4.0
2023-03-15 16:11:51.152 [main] INFO  calculator.Calculator - [RESULT - POWER] - 81.0
2023-03-15 16:11:51.152 [main] INFO  calculator.Calculator - [POWER - 4.0 RAISED TO] 3.0
2023-03-15 16:11:51.152 [main] INFO  calculator.Calculator - [RESULT - POWER] - 64.0
2023-03-15 16:11:51.152 [main] INFO  calculator.Calculator - [POWER - 5.0 RAISED TO] 2.0
2023-03-15 16:11:51.152 [main] INFO  calculator.Calculator - [RESULT - POWER] - 25.0
2023-03-15 16:11:51.153 [main] INFO  calculator.Calculator - [NATURAL LOG] - 2.4
2023-03-15 16:11:51.153 [main] INFO  calculator.Calculator - [RESULT - NATURAL LOG] - 0.8754687373538999
2023-03-15 16:11:51.153 [main] INFO  calculator.Calculator - [NATURAL LOG] - 2.1
2023-03-15 16:11:51.153 [main] INFO  calculator.Calculator - [RESULT - NATURAL LOG] - 0.7419373447293773
